apple: I like apples alot
orange: Well i am better i believe
pineapple: Nah fuck you guys
orange: Fuck you pineapple
apple: Fuck you pineapple and orange
banana: Hey
pineapple: Fuck you banana
orange: Fuck you banana
apple: Fuck you banana
banana: Bruh
pineapple: Haha
pineapple: Im sorry bro, we didnt mean it
banana: Bruh
banana: Bruh
pineapple: Haha
pineapple: Haha
pineapple: Haha
pineapple: Haha
pineapple: Haha
pineapple: Haha
pineapple: Haha
pineapple: Haha
pineapple: Haha
pineapple: Haha
pineapple: Haha
pineapple: Haha
pineapple: Haha
pineapple: Haha
pineapple: Haha
pineapple: Haha
pineapple: Haha
pineapple: Haha
pineapple: Haha
pineapple: Haha
pineapple: Haha
pineapple: Haha
pineapple: Haha
pineapple: Haha
pineapple: Haha
pineapple: Haha
pineapple: Haha
pineapple: Haha
pineapple: Haha
pineapple: Haha
pineapple: Haha
pineapple: Haha
pineapple: Haha
pineapple: Haha
pineapple: Haha
pineapple: Haha
pineapple: Haha
pineapple: Haha
pineapple: Haha
pineapple: Haha
pineapple: Haha
pineapple: Haha
pineapple: Haha
pineapple: Haha
pineapple: Haha
pineapple: Haha
pineapple: Haha
pineapple: Haha
pineapple: Haha
pineapple: Haha
pineapple: Haha
pineapple: Haha
pineapple: Haha
pineapple: Haha
pineapple: Haha
pineapple: Haha
pineapple: Haha
pineapple: Haha
pineapple: Haha
pineapple: Haha
pineapple: Haha
pineapple: Haha
pineapple: Haha
pineapple: Haha
pineapple: Haha
pineapple: Haha
pineapple: Haha
pineapple: Haha
pineapple: Haha
pineapple: Haha
pineapple: Haha
pineapple: Haha
pineapple: Haha
pineapple: Haha
pineapple: Haha
pineapple: Haha
pineapple: Haha
pineapple: Haha
pineapple: Haha
pineapple: Haha
pineapple: Haha
pineapple: Haha
pineapple: Haha
pineapple: Haha
pineapple: Haha
pineapple: Haha
pineapple: Haha
pineapple: Haha
pineapple: Haha
pineapple: Haha
pineapple: Haha
pineapple: Haha
pineapple: Haha
pineapple: Haha
pineapple: Haha
pineapple: Haha
